<?xml version="1.0" encoding="UTF-8"?>
<testng-results skipped="0" failed="0" total="4" passed="4">
  <reporter-output>
  </reporter-output>
  <suite name="ABCRadio_Appium" duration-ms="22889" started-at="2016-09-23T00:36:36Z" finished-at="2016-09-23T00:36:59Z">
    <groups>
    </groups>
    <test name="ABCRadioApp" duration-ms="22889" started-at="2016-09-23T00:36:36Z" finished-at="2016-09-23T00:36:59Z">
      <class name="com.abcradio.testcases.ABCRadio_HomeScreenTest">
        <test-method status="PASS" signature="setUp()[pri:0, instance:com.abcradio.testcases.ABCRadio_HomeScreenTest@49fc609f]" name="setUp" is-config="true" duration-ms="8178" started-at="2016-09-23T10:36:28Z" finished-at="2016-09-23T10:36:36Z">
          <reporter-output>
          </reporter-output>
        </test-method> <!-- setUp -->
        <test-method status="PASS" signature="init()[pri:0, instance:com.abcradio.testcases.ABCRadio_HomeScreenTest@49fc609f]" name="init" is-config="true" duration-ms="110" started-at="2016-09-23T10:36:36Z" finished-at="2016-09-23T10:36:36Z">
          <reporter-output>
          </reporter-output>
        </test-method> <!-- init -->
        <test-method status="PASS" signature="init()[pri:0, instance:com.abcradio.testcases.WhatsOnNowScreenTest@cd2dae5]" name="init" is-config="true" duration-ms="2" started-at="2016-09-23T10:36:36Z" finished-at="2016-09-23T10:36:36Z">
          <reporter-output>
          </reporter-output>
        </test-method> <!-- init -->
        <test-method status="PASS" signature="validateHomeScreenTest()[pri:0, instance:com.abcradio.testcases.ABCRadio_HomeScreenTest@49fc609f]" name="validateHomeScreenTest" duration-ms="7239" started-at="2016-09-23T10:36:36Z" finished-at="2016-09-23T10:36:43Z">
          <reporter-output>
          </reporter-output>
        </test-method> <!-- validateHomeScreenTest -->
        <test-method status="PASS" signature="whatsOnNowTest()[pri:0, instance:com.abcradio.testcases.ABCRadio_HomeScreenTest@49fc609f]" name="whatsOnNowTest" duration-ms="4767" started-at="2016-09-23T10:36:43Z" finished-at="2016-09-23T10:36:48Z">
          <reporter-output>
          </reporter-output>
        </test-method> <!-- whatsOnNowTest -->
        <test-method status="PASS" signature="tearDown()[pri:0, instance:com.abcradio.testcases.ABCRadio_HomeScreenTest@49fc609f]" name="tearDown" is-config="true" duration-ms="1896" started-at="2016-09-23T10:36:57Z" finished-at="2016-09-23T10:36:59Z">
          <reporter-output>
          </reporter-output>
        </test-method> <!-- tearDown -->
        <test-method status="PASS" signature="tearDown()[pri:0, instance:com.abcradio.testcases.WhatsOnNowScreenTest@cd2dae5]" name="tearDown" is-config="true" duration-ms="0" started-at="2016-09-23T10:36:59Z" finished-at="2016-09-23T10:36:59Z">
          <reporter-output>
          </reporter-output>
        </test-method> <!-- tearDown -->
      </class> <!-- com.abcradio.testcases.ABCRadio_HomeScreenTest -->
      <class name="com.abcradio.testcases.WhatsOnNowScreenTest">
        <test-method status="PASS" signature="verifyElementsPresentTest()[pri:0, instance:com.abcradio.testcases.WhatsOnNowScreenTest@cd2dae5]" name="verifyElementsPresentTest" duration-ms="4368" started-at="2016-09-23T10:36:48Z" finished-at="2016-09-23T10:36:52Z">
          <reporter-output>
          </reporter-output>
        </test-method> <!-- verifyElementsPresentTest -->
        <test-method status="PASS" signature="backButtonTest()[pri:0, instance:com.abcradio.testcases.WhatsOnNowScreenTest@cd2dae5]" name="backButtonTest" duration-ms="4493" started-at="2016-09-23T10:36:52Z" finished-at="2016-09-23T10:36:57Z">
          <reporter-output>
          </reporter-output>
        </test-method> <!-- backButtonTest -->
      </class> <!-- com.abcradio.testcases.WhatsOnNowScreenTest -->
    </test> <!-- ABCRadioApp -->
  </suite> <!-- ABCRadio_Appium -->
</testng-results>
