<?xml version="1.0" encoding="UTF-8"?>
<!-- Generated by org.testng.reporters.JUnitXMLReporter -->
<testsuite hostname="WS102913" name="ABCRadioApp" tests="4" failures="0" timestamp="23 Sep 2016 00:36:59 GMT" time="22.889" errors="0">
  <testcase name="validateHomeScreenTest" time="7.239" classname="com.abcradio.testcases.ABCRadio_HomeScreenTest"/>
  <testcase name="whatsOnNowTest" time="4.767" classname="com.abcradio.testcases.ABCRadio_HomeScreenTest"/>
  <testcase name="verifyElementsPresentTest" time="4.368" classname="com.abcradio.testcases.WhatsOnNowScreenTest"/>
  <testcase name="backButtonTest" time="4.493" classname="com.abcradio.testcases.WhatsOnNowScreenTest"/>
</testsuite> <!-- ABCRadioApp -->
