<?xml version="1.0" encoding="UTF-8"?>
<!-- Generated by org.testng.reporters.JUnitXMLReporter -->
<testsuite hostname="WS102913" name="ABCRadio_HomeScreenTest" tests="14" failures="4" timestamp="21 Sep 2016 22:47:48 GMT" time="422.144" errors="0">
  <testcase name="validateHomeScreenTest" time="7.585" classname="com.abcradio.testcases.ABCRadio_HomeScreenTest"/>
  <testcase name="liveRadioChannelTest" time="144.48" classname="com.abcradio.testcases.ABCRadio_HomeScreenTest"/>
  <testcase name="featuredRadioChannelTest" time="95.182" classname="com.abcradio.testcases.ABCRadio_HomeScreenTest"/>
  <testcase name="listenLaterTest" time="10.416" classname="com.abcradio.testcases.ABCRadio_HomeScreenTest"/>
  <testcase name="lowerCarouselTest" time="5.643" classname="com.abcradio.testcases.ABCRadio_HomeScreenTest">
    <failure type="java.lang.IndexOutOfBoundsException" message="Index: 0, Size: 0">
      <![CDATA[java.lang.IndexOutOfBoundsException: Index: 0, Size: 0
	at java.util.ArrayList.rangeCheck(ArrayList.java:653)
	at java.util.ArrayList.get(ArrayList.java:429)
	at io.appium.java_client.pagefactory.ElementListInterceptor.getObject(ElementListInterceptor.java:39)
	at io.appium.java_client.pagefactory.interceptors.InterceptorOfAListOfElements.intercept(InterceptorOfAListOfElements.java:51)
	at $java.util.ArrayList$$EnhancerByCGLIB$$c0a2d785.get(<generated>)
	at com.abcradio.screens.androidnative.ABCRadioHomeScreen.lowerCarousel(ABCRadioHomeScreen.java:163)
	at com.abcradio.testcases.ABCRadio_HomeScreenTest.lowerCarouselTest(ABCRadio_HomeScreenTest.java:40)
... Removed 28 stack frames]]>
    </failure>
  </testcase> <!-- lowerCarouselTest -->
  <testcase name="exploreMenuTest" time="5.46" classname="com.abcradio.testcases.ABCRadio_HomeScreenTest"/>
  <testcase name="calendarFunctionTest" time="6.536" classname="com.abcradio.testcases.ABCRadio_HomeScreenTest">
    <failure type="java.lang.IndexOutOfBoundsException" message="Index: 1, Size: 0">
      <![CDATA[java.lang.IndexOutOfBoundsException: Index: 1, Size: 0
	at java.util.ArrayList.rangeCheck(ArrayList.java:653)
	at java.util.ArrayList.get(ArrayList.java:429)
	at io.appium.java_client.pagefactory.ElementListInterceptor.getObject(ElementListInterceptor.java:39)
	at io.appium.java_client.pagefactory.interceptors.InterceptorOfAListOfElements.intercept(InterceptorOfAListOfElements.java:51)
	at $java.util.ArrayList$$EnhancerByCGLIB$$c0a2d785.get(<generated>)
	at com.abcradio.screens.androidnative.ABCRadioHomeScreen.calendarFunction(ABCRadioHomeScreen.java:193)
	at com.abcradio.testcases.ABCRadio_HomeScreenTest.calendarFunctionTest(ABCRadio_HomeScreenTest.java:50)
... Removed 28 stack frames]]>
    </failure>
  </testcase> <!-- calendarFunctionTest -->
  <testcase name="validateExploreMenuScreenTest" time="4.664" classname="com.abcradio.testcases.ExploreMenuScreenTest"/>
  <testcase name="verifySubTabElementsPresenceTest" time="15.084" classname="com.abcradio.testcases.ExploreMenuScreenTest"/>
  <testcase name="clickByCategoryListItemTest" time="37.019" classname="com.abcradio.testcases.ExploreMenuScreenTest"/>
  <testcase name="clickAtoZListItemTest" time="33.793" classname="com.abcradio.testcases.ExploreMenuScreenTest"/>
  <testcase name="clickByStationListItemTest" time="36.962" classname="com.abcradio.testcases.ExploreMenuScreenTest"/>
  <testcase name="playScreenCalendarTest" time="8.448" classname="com.abcradio.testcases.PlayChannelScreenTest">
    <failure type="org.openqa.selenium.NoSuchElementException" message="Can&amp;apos;t locate an element by this strategy: Locator map: 
- native content: &amp;quot;By.id: com.thisisaim.abcradio:id/menProgramGuide&amp;quot; 
- html content: &amp;quot;by id or name &amp;quot;calendar&amp;quot;&amp;quot;
For documentation on this error, please visit: http://seleniumhq.org/exceptions/no_such_element.html
Build info: version: &amp;apos;unknown&amp;apos;, revision: &amp;apos;c7b525d&amp;apos;, time: &amp;apos;2016-09-01 14:57:44 -0700&amp;apos;
System info: host: &amp;apos;WS102913&amp;apos;, ip: &amp;apos;10.25.18.143&amp;apos;, os.name: &amp;apos;Mac OS X&amp;apos;, os.arch: &amp;apos;x86_64&amp;apos;, os.version: &amp;apos;10.11.6&amp;apos;, java.version: &amp;apos;1.8.0_73&amp;apos;
Driver info: driver.version: unknown">
      <![CDATA[org.openqa.selenium.NoSuchElementException: Can't locate an element by this strategy: Locator map: 
- native content: "By.id: com.thisisaim.abcradio:id/menProgramGuide" 
- html content: "by id or name "calendar""
For documentation on this error, please visit: http://seleniumhq.org/exceptions/no_such_element.html
Build info: version: 'unknown', revision: 'c7b525d', time: '2016-09-01 14:57:44 -0700'
System info: host: 'WS102913', ip: '10.25.18.143', os.name: 'Mac OS X', os.arch: 'x86_64', os.version: '10.11.6', java.version: '1.8.0_73'
Driver info: driver.version: unknown
	at io.appium.java_client.pagefactory.AppiumElementLocator.findElement(AppiumElementLocator.java:110)
	at io.appium.java_client.pagefactory.interceptors.InterceptorOfASingleElement.intercept(InterceptorOfASingleElement.java:57)
	at io.appium.java_client.android.AndroidElement$$EnhancerByCGLIB$$c0b591f0.click(<generated>)
	at com.abcradio.screens.androidnative.PlayChannelScreen.playScreenCalendar(PlayChannelScreen.java:33)
	at com.abcradio.testcases.PlayChannelScreenTest.playScreenCalendarTest(PlayChannelScreenTest.java:19)
... Removed 25 stack frames]]>
    </failure>
  </testcase> <!-- playScreenCalendarTest -->
  <testcase name="clickNextPrevLinkTest" time="8.459" classname="com.abcradio.testcases.PlayChannelScreenTest">
    <failure type="org.openqa.selenium.NoSuchElementException" message="Can&amp;apos;t locate an element by this strategy: Locator map: 
- native content: &amp;quot;By.id: com.thisisaim.abcradio:id/menProgramGuide&amp;quot; 
- html content: &amp;quot;by id or name &amp;quot;calendar&amp;quot;&amp;quot;
For documentation on this error, please visit: http://seleniumhq.org/exceptions/no_such_element.html
Build info: version: &amp;apos;unknown&amp;apos;, revision: &amp;apos;c7b525d&amp;apos;, time: &amp;apos;2016-09-01 14:57:44 -0700&amp;apos;
System info: host: &amp;apos;WS102913&amp;apos;, ip: &amp;apos;10.25.18.143&amp;apos;, os.name: &amp;apos;Mac OS X&amp;apos;, os.arch: &amp;apos;x86_64&amp;apos;, os.version: &amp;apos;10.11.6&amp;apos;, java.version: &amp;apos;1.8.0_73&amp;apos;
Driver info: driver.version: unknown">
      <![CDATA[org.openqa.selenium.NoSuchElementException: Can't locate an element by this strategy: Locator map: 
- native content: "By.id: com.thisisaim.abcradio:id/menProgramGuide" 
- html content: "by id or name "calendar""
For documentation on this error, please visit: http://seleniumhq.org/exceptions/no_such_element.html
Build info: version: 'unknown', revision: 'c7b525d', time: '2016-09-01 14:57:44 -0700'
System info: host: 'WS102913', ip: '10.25.18.143', os.name: 'Mac OS X', os.arch: 'x86_64', os.version: '10.11.6', java.version: '1.8.0_73'
Driver info: driver.version: unknown
	at io.appium.java_client.pagefactory.AppiumElementLocator.findElement(AppiumElementLocator.java:110)
	at io.appium.java_client.pagefactory.interceptors.InterceptorOfASingleElement.intercept(InterceptorOfASingleElement.java:57)
	at io.appium.java_client.android.AndroidElement$$EnhancerByCGLIB$$c0b591f0.click(<generated>)
	at com.abcradio.screens.androidnative.PlayChannelScreen.clickNextPrevLink(PlayChannelScreen.java:51)
	at com.abcradio.testcases.PlayChannelScreenTest.clickNextPrevLinkTest(PlayChannelScreenTest.java:24)
... Removed 25 stack frames]]>
    </failure>
  </testcase> <!-- clickNextPrevLinkTest -->
</testsuite> <!-- ABCRadio_HomeScreenTest -->
