<?xml version="1.0" encoding="UTF-8"?>
<testsuite name="API_Framework.TS_Article" tests="287" failures="0" errors="0" time="8.701"><properties>
[...]
</properties><testcase name="TC_Article_Details" time="0.053"/><testcase name="TC_Article_Details" time="0.054"/><testcase name="TC_Article_Details" time="0.045"/><testcase name="TC_Article_Details" time="0.04"/><testcase name="TC_Article_Details" time="0.051"/><testcase name="TC_Article_Details" time="0.016"/><testcase name="TC_Article_Details" time="0.026"/><testcase name="TC_Article_Details" time="0.017"/><testcase name="TC_Article_Details" time="0.023"/><testcase name="TC_Article_Details" time="0.289"/><testcase name="TC_Article_Details" time="0.025"/><testcase name="TC_Article_Details" time="0.042"/><testcase name="TC_Article_Details" time="0.026"/><testcase name="TC_Article_Details" time="0.02"/><testcase name="TC_Article_Details" time="0.048"/><testcase name="TC_Article_Details" time="0.023"/><testcase name="TC_Article_Details" time="0.019"/><testcase name="TC_Article_Details" time="0.017"/><testcase name="TC_Article_Details" time="0.006"/><testcase name="TC_Article_Details" time="0.006"/><testcase name="TC_Article_Details" time="0.006"/><testcase name="TC_Article_Details" time="0.006"/><testcase name="TC_Article_Details" time="0.006"/><testcase name="TC_Article_Details" time="0.006"/><testcase name="TC_Article_Details" time="0.007"/><testcase name="TC_Article_Details" time="0.061"/><testcase name="TC_Article_Details" time="0.007"/><testcase name="TC_Article_Details" time="0.007"/><testcase name="TC_Article_Details" time="0.02"/><testcase name="TC_Article_Details" time="0.006"/><testcase name="TC_Article_Details" time="0.007"/><testcase name="TC_Article_Details" time="0.053"/><testcase name="TC_Article_Details" time="0.103"/><testcase name="TC_Article_Details" time="0.009"/><testcase name="TC_Article_Details" time="0.013"/><testcase name="TC_Article_Details" time="0.032"/><testcase name="TC_Article_Details" time="0.026"/><testcase name="TC_Article_Details" time="0.043"/><testcase name="TC_Article_Details" time="0.036"/><testcase name="TC_Article_Details" time="0.024"/><testcase name="TC_Article_Details" time="0.022"/><testcase name="TC_Article_Details" time="0.026"/><testcase name="TC_Article_Details" time="0.034"/><testcase name="TC_Article_Details" time="0.018"/><testcase name="TC_Article_Details" time="0.121"/><testcase name="TC_Article_Details" time="0.044"/><testcase name="TC_Article_Details" time="0.029"/><testcase name="TC_Article_Details" time="0.028"/><testcase name="TC_Article_Details" time="0.023"/><testcase name="TC_Article_Details" time="0.024"/><testcase name="TC_Article_Details" time="0.041"/><testcase name="TC_Article_Details" time="0.022"/><testcase name="TC_Article_Details" time="0.032"/><testcase name="TC_Article_Details" time="0.04"/><testcase name="TC_Article_Details" time="0.052"/><testcase name="TC_Article_Details" time="0.024"/><testcase name="TC_Article_Details" time="0.028"/><testcase name="TC_Article_Details" time="0.029"/><testcase name="TC_Article_Details" time="0.033"/><testcase name="TC_Article_Details" time="0.007"/><testcase name="TC_Article_Details" time="0.026"/><testcase name="TC_Article_Details" time="0.007"/><testcase name="TC_Article_Details" time="0.005"/><testcase name="TC_Article_Details" time="0.018"/><testcase name="TC_Article_Details" time="0.009"/><testcase name="TC_Article_Details" time="0.019"/><testcase name="TC_Article_Details" time="0.027"/><testcase name="TC_Article_Details" time="0.051"/><testcase name="TC_Article_Details" time="0.036"/><testcase name="TC_Article_Details" time="0.007"/><testcase name="TC_Article_Details" time="0.005"/><testcase name="TC_Article_Details" time="0.007"/><testcase name="TC_Article_Details" time="0.007"/><testcase name="TC_Article_Details" time="0.006"/><testcase name="TC_Article_Details" time="0.008"/><testcase name="TC_Article_Details" time="0.027"/><testcase name="TC_Article_Details" time="0.014"/><testcase name="TC_Article_Details" time="0.234"/><testcase name="TC_Article_Details" time="0.029"/><testcase name="TC_Article_Details" time="0.024"/><testcase name="TC_Article_Details" time="0.035"/><testcase name="TC_Article_Details" time="0.04"/><testcase name="TC_Article_Details" time="0.03"/><testcase name="TC_Article_Details" time="0.018"/><testcase name="TC_Article_Details" time="0.021"/><testcase name="TC_Article_Details" time="0.04"/><testcase name="TC_Article_Details" time="0.005"/><testcase name="TC_Article_Details" time="0.007"/><testcase name="TC_Article_Details" time="0.007"/><testcase name="TC_Article_Details" time="0.007"/><testcase name="TC_Article_Details" time="0.006"/><testcase name="TC_Article_Details" time="0.034"/><testcase name="TC_Article_Details" time="0.025"/><testcase name="TC_Article_Details" time="0.031"/><testcase name="TC_Article_Details" time="0.009"/><testcase name="TC_Article_Details" time="0.021"/><testcase name="TC_Article_Details" time="0.025"/><testcase name="TC_Article_Details" time="0.022"/><testcase name="TC_Article_Details" time="0.026"/><testcase name="TC_Article_Details" time="0.024"/><testcase name="TC_Article_Details" time="0.024"/><testcase name="TC_Article_Details" time="0.021"/><testcase name="TC_Article_Details" time="0.026"/><testcase name="TC_Article_Details" time="0.01"/><testcase name="TC_Article_Details" time="0.006"/><testcase name="TC_Article_Details" time="0.007"/><testcase name="TC_Article_Details" time="0.007"/><testcase name="TC_Article_Details" time="0.038"/><testcase name="TC_Article_Details" time="0.139"/><testcase name="TC_Article_Details" time="0.024"/><testcase name="TC_Article_Details" time="0.032"/><testcase name="TC_Article_Details" time="0.007"/><testcase name="TC_Article_Details" time="0.008"/><testcase name="TC_Article_Details" time="0.019"/><testcase name="TC_Article_Details" time="0.023"/><testcase name="TC_Article_Details" time="0.007"/><testcase name="TC_Article_Details" time="0.006"/><testcase name="TC_Article_Details" time="0.023"/><testcase name="TC_Article_Details" time="0.025"/><testcase name="TC_Article_Details" time="0.015"/><testcase name="TC_Article_Details" time="0.078"/><testcase name="TC_Article_Details" time="0.039"/><testcase name="TC_Article_Details" time="0.051"/><testcase name="TC_Article_Details" time="0.007"/><testcase name="TC_Article_Details" time="0.007"/><testcase name="TC_Article_Details" time="0.008"/><testcase name="TC_Article_Details" time="0.007"/><testcase name="TC_Article_Details" time="0.006"/><testcase name="TC_Article_Details" time="0.045"/><testcase name="TC_Article_Details" time="0.007"/><testcase name="TC_Article_Details" time="0.033"/><testcase name="TC_Article_Details" time="0.013"/><testcase name="TC_Article_Details" time="0.014"/><testcase name="TC_Article_Details" time="0.033"/><testcase name="TC_Article_Details" time="0.023"/><testcase name="TC_Article_Details" time="0.027"/><testcase name="TC_Article_Details" time="0.029"/><testcase name="TC_Article_Details" time="0.026"/><testcase name="TC_Article_Details" time="0.019"/><testcase name="TC_Article_Details" time="0.019"/><testcase name="TC_Article_Details" time="0.015"/><testcase name="TC_Article_Details" time="0.012"/><testcase name="TC_Article_Details" time="0.033"/><testcase name="TC_Article_Details" time="0.008"/><testcase name="TC_Article_Details" time="0.026"/><testcase name="TC_Article_Details" time="0.017"/><testcase name="TC_Article_Details" time="0.024"/><testcase name="TC_Article_Details" time="0.032"/><testcase name="TC_Article_Details" time="0.006"/><testcase name="TC_Article_Details" time="0.006"/><testcase name="TC_Article_Details" time="0.006"/><testcase name="TC_Article_Details" time="0.023"/><testcase name="TC_Article_Details" time="0.027"/><testcase name="TC_Article_Details" time="0.038"/><testcase name="TC_Article_Details" time="0.008"/><testcase name="TC_Article_Details" time="0.006"/><testcase name="TC_Article_Details" time="0.009"/><testcase name="TC_Article_Details" time="0.007"/><testcase name="TC_Article_Details" time="0.006"/><testcase name="TC_Article_Details" time="0.023"/><testcase name="TC_Article_Details" time="0.051"/><testcase name="TC_Article_Details" time="0.041"/><testcase name="TC_Article_Details" time="0.443"/><testcase name="TC_Article_Details" time="0.05"/><testcase name="TC_Article_Details" time="0.026"/><testcase name="TC_Article_Details" time="0.037"/><testcase name="TC_Article_Details" time="0.048"/><testcase name="TC_Article_Details" time="0.025"/><testcase name="TC_Article_Details" time="0.02"/><testcase name="TC_Article_Details" time="0.03"/><testcase name="TC_Article_Details" time="0.024"/><testcase name="TC_Article_Details" time="0.008"/><testcase name="TC_Article_Details" time="0.007"/><testcase name="TC_Article_Details" time="0.026"/><testcase name="TC_Article_Details" time="0.03"/><testcase name="TC_Article_Details" time="0.028"/><testcase name="TC_Article_Details" time="0.026"/><testcase name="TC_Article_Details" time="0.026"/><testcase name="TC_Article_Details" time="0.03"/><testcase name="TC_Article_Details" time="0.115"/><testcase name="TC_Article_Details" time="0.075"/><testcase name="TC_Article_Details" time="0.035"/><testcase name="TC_Article_Details" time="0.037"/><testcase name="TC_Article_Details" time="0.022"/><testcase name="TC_Article_Details" time="0.018"/><testcase name="TC_Article_Details" time="0.006"/><testcase name="TC_Article_Details" time="0.03"/><testcase name="TC_Article_Details" time="0.051"/><testcase name="TC_Article_Details" time="0.021"/><testcase name="TC_Article_Details" time="0.026"/><testcase name="TC_Article_Details" time="0.026"/><testcase name="TC_Article_Details" time="0.022"/><testcase name="TC_Article_Details" time="0.038"/><testcase name="TC_Article_Details" time="0.05"/><testcase name="TC_Article_Details" time="0.042"/><testcase name="TC_Article_Details" time="0.05"/><testcase name="TC_Article_Details" time="0.016"/><testcase name="TC_Article_Details" time="0.03"/><testcase name="TC_Article_Details" time="0.03"/><testcase name="TC_Article_Details" time="0.023"/><testcase name="TC_Article_Details" time="0.037"/><testcase name="TC_Article_Details" time="0.023"/><testcase name="TC_Article_Details" time="0.006"/><testcase name="TC_Article_Details" time="0.008"/><testcase name="TC_Article_Details" time="0.006"/><testcase name="TC_Article_Details" time="0.042"/><testcase name="TC_Article_Details" time="0.036"/><testcase name="TC_Article_Details" time="0.036"/><testcase name="TC_Article_Details" time="0.023"/><testcase name="TC_Article_Details" time="0.022"/><testcase name="TC_Article_Details" time="0.022"/><testcase name="TC_Article_Details" time="0.034"/><testcase name="TC_Article_Details" time="0.016"/><testcase name="TC_Article_Details" time="0.039"/><testcase name="TC_Article_Details" time="0.06"/><testcase name="TC_Article_Details" time="0.013"/><testcase name="TC_Article_Details" time="0.013"/><testcase name="TC_Article_Details" time="0.022"/><testcase name="TC_Article_Details" time="0.026"/><testcase name="TC_Article_Details" time="0.007"/><testcase name="TC_Article_Details" time="0.009"/><testcase name="TC_Article_Details" time="0.008"/><testcase name="TC_Article_Details" time="0.007"/><testcase name="TC_Article_Details" time="0.063"/><testcase name="TC_Article_Details" time="0.022"/><testcase name="TC_Article_Details" time="0.024"/><testcase name="TC_Article_Details" time="0.007"/><testcase name="TC_Article_Details" time="0.006"/><testcase name="TC_Article_Details" time="0.042"/><testcase name="TC_Article_Details" time="0.006"/><testcase name="TC_Article_Details" time="0.019"/><testcase name="TC_Article_Details" time="0.019"/><testcase name="TC_Article_Details" time="0.041"/><testcase name="TC_Article_Details" time="0.026"/><testcase name="TC_Article_Details" time="0.021"/><testcase name="TC_Article_Details" time="0.019"/><testcase name="TC_Article_Details" time="0.007"/><testcase name="TC_Article_Details" time="0.051"/><testcase name="TC_Article_Details" time="0.029"/><testcase name="TC_Article_Details" time="0.015"/><testcase name="TC_Article_Details" time="0.016"/><testcase name="TC_Article_Details" time="0.022"/><testcase name="TC_Article_Details" time="0.065"/><testcase name="TC_Article_Details" time="0.031"/><testcase name="TC_Article_Details" time="0.024"/><testcase name="TC_Article_Details" time="0.024"/><testcase name="TC_Article_Details" time="0.007"/><testcase name="TC_Article_Details" time="0.042"/><testcase name="TC_Article_Details" time="0.022"/><testcase name="TC_Article_Details" time="0.027"/><testcase name="TC_Article_Details" time="0.022"/><testcase name="TC_Article_Details" time="0.008"/><testcase name="TC_Article_Details" time="0.046"/><testcase name="TC_Article_Details" time="0.006"/><testcase name="TC_Article_Details" time="0.025"/><testcase name="TC_Article_Details" time="0.006"/><testcase name="TC_Article_Details" time="0.009"/><testcase name="TC_Article_Details" time="0.02"/><testcase name="TC_Article_Details" time="0.064"/><testcase name="TC_Article_Details" time="0.007"/><testcase name="TC_Article_Details" time="0.011"/><testcase name="TC_Article_Details" time="0.008"/><testcase name="TC_Article_Details" time="0.006"/><testcase name="TC_Article_Details" time="0.02"/><testcase name="TC_Article_Details" time="0.006"/><testcase name="TC_Article_Details" time="0.007"/><testcase name="TC_Article_Details" time="0.007"/><testcase name="TC_Article_Details" time="0.006"/><testcase name="TC_Article_Details" time="0.021"/><testcase name="TC_Article_Details" time="0.008"/><testcase name="TC_Article_Details" time="0.032"/><testcase name="TC_Article_Details" time="0.024"/><testcase name="TC_Article_Details" time="0.033"/><testcase name="TC_Article_Details" time="0.087"/><testcase name="TC_Article_Details" time="0.031"/><testcase name="TC_Article_Details" time="0.028"/><testcase name="TC_Article_Details" time="0.022"/><testcase name="TC_Article_Details" time="0.03"/><testcase name="TC_Article_Details" time="0.019"/><testcase name="TC_Article_Details" time="0.046"/><testcase name="TC_Article_Details" time="0.622"/><testcase name="TC_Article_Details" time="0.019"/><testcase name="TC_Article_Details" time="0.049"/><testcase name="TC_Article_Details" time="0.032"/><testcase name="TC_Article_Details" time="0.025"/><testcase name="TC_Article_Details" time="0.028"/><testcase name="TC_Article_Details" time="0.02"/></testsuite>