<?xml version="1.0" encoding="UTF-8"?>
<testsuite name="API_Framework.TS_Category" tests="23" failures="1" errors="0" time="3.013"><properties>
[...]
</properties><testcase name="TC_CategoryAll" time="0.006"/><testcase name="TC_Category_ID" time="0.065"/><testcase name="TC_Category_Local" time="0.102"><failure type="Cancelling due to failed test step" message="Cancelling due to failed test step"><![CDATA[<h3><b>Rq_LocalNews Failed</b></h3><pre>[Script Assertion] assert huc.getResponseCode() == 200
       |   |                 |
       |   404               false
       sun.net.www.protocol.http.HttpURLConnection:http://www.abc.net.au/news/image/16-16x9-320x180.jpg
</pre><hr/>]]></failure></testcase><testcase name="TC_Now_On_TV" time="0.399"/><testcase name="TC_Listen_Live" time="0.312"/><testcase name="TC_CategoryAll" time="0.006"/><testcase name="TC_Category_ID" time="0.364"/><testcase name="TC_Category_ID" time="0.448"/><testcase name="TC_Category_ID" time="0.019"/><testcase name="TC_Category_ID" time="0.02"/><testcase name="TC_Category_ID" time="0.477"/><testcase name="TC_Category_ID" time="0.058"/><testcase name="TC_Category_ID" time="0.07"/><testcase name="TC_Category_ID" time="0.148"/><testcase name="TC_Category_ID" time="0.11"/><testcase name="TC_Category_ID" time="0.109"/><testcase name="TC_Category_ID" time="0.07"/><testcase name="TC_Category_ID" time="0.02"/><testcase name="TC_Category_ID" time="0.063"/><testcase name="TC_Category_ID" time="0.069"/><testcase name="TC_Category_ID" time="0.019"/><testcase name="TC_Category_ID" time="0.05"/><testcase name="TC_Category_ID" time="0.009"/></testsuite>