<?xml version="1.0" encoding="UTF-8"?>
<testng-results skipped="0" failed="0" total="1" passed="1">
  <reporter-output>
  </reporter-output>
  <suite name="abc.mobile.tests.JustinTest" duration-ms="186148" started-at="2015-11-27T03:30:46Z" finished-at="2015-11-27T03:33:52Z">
    <groups>
    </groups>
    <test name="Command line test" duration-ms="186148" started-at="2015-11-27T03:30:46Z" finished-at="2015-11-27T03:33:52Z">
      <class name="abc.mobile.tests.JustinTest">
        <test-method status="PASS" signature="beforeTest()[pri:0, instance:abc.mobile.tests.JustinTest@4678c730]" name="beforeTest" is-config="true" duration-ms="161584" started-at="2015-11-27T14:30:46Z" finished-at="2015-11-27T14:33:28Z">
          <reporter-output>
          </reporter-output>
        </test-method> <!-- beforeTest -->
        <test-method status="PASS" signature="testcase1()[pri:0, instance:abc.mobile.tests.JustinTest@4678c730]" name="testcase1" duration-ms="22894" started-at="2015-11-27T14:33:28Z" finished-at="2015-11-27T14:33:51Z">
          <reporter-output>
          </reporter-output>
        </test-method> <!-- testcase1 -->
        <test-method status="PASS" signature="afterTest()[pri:0, instance:abc.mobile.tests.JustinTest@4678c730]" name="afterTest" is-config="true" duration-ms="1664" started-at="2015-11-27T14:33:51Z" finished-at="2015-11-27T14:33:52Z">
          <reporter-output>
          </reporter-output>
        </test-method> <!-- afterTest -->
      </class> <!-- abc.mobile.tests.JustinTest -->
    </test> <!-- Command line test -->
  </suite> <!-- abc.mobile.tests.JustinTest -->
</testng-results>
